<?xml version="1.0" encoding="UTF-8"?>
<testsuite xmlns:xsi="http://www.w3.org/2001/XMLSchema-instance" xsi:noNamespaceSchemaLocation="https://maven.apache.org/surefire/maven-surefire-plugin/xsd/surefire-test-report.xsd" name="Reqres.ReqresRunner" time="4.139" tests="6" errors="0" skipped="0" failures="0">
  <properties>
[...]
</properties>
  <testcase name="testReqres[1][1]" classname="Reqres.ReqresRunner" time="1.233"/>
  <testcase name="testReqres[1][2]" classname="Reqres.ReqresRunner" time="0.058"/>
  <testcase name="testReqres[1][3]" classname="Reqres.ReqresRunner" time="0.484"/>
  <testcase name="testReqres[1][4]" classname="Reqres.ReqresRunner" time="0.445"/>
  <testcase name="testReqres[1][5]" classname="Reqres.ReqresRunner" time="0.478"/>
  <testcase name="testReqres[1][6]" classname="Reqres.ReqresRunner" time="0.952"/>
</testsuite>